Started by user administrator
Running in Durability level: MAX_SURVIVABILITY
[Pipeline] Start of Pipeline
[Pipeline] node
Running on Jenkins in C:\Users\ginge\.jenkins\workspace\emart-pipeline
[Pipeline] {
[Pipeline] withEnv
[Pipeline] {
[Pipeline] stage
[Pipeline] { (git clone)
[Pipeline] dir
Running in D:\workspace\Jenkins
[Pipeline] {
[Pipeline] checkout
using credential ginge
 > C:\Program Files\Git\bin\git.exe rev-parse --is-inside-work-tree # timeout=10
Fetching changes from the remote Git repository
 > C:\Program Files\Git\bin\git.exe config remote.origin.url https://github.com/ginge0615/eMark.git # timeout=10
Fetching upstream changes from https://github.com/ginge0615/eMark.git
 > C:\Program Files\Git\bin\git.exe --version # timeout=10
using GIT_ASKPASS to set credentials github password
 > C:\Program Files\Git\bin\git.exe fetch --tags --force --progress -- https://github.com/ginge0615/eMark.git +refs/heads/*:refs/remotes/origin/* # timeout=10
 > C:\Program Files\Git\bin\git.exe rev-parse "refs/remotes/origin/master^{commit}" # timeout=10
 > C:\Program Files\Git\bin\git.exe rev-parse "refs/remotes/origin/origin/master^{commit}" # timeout=10
Checking out Revision a738bd8feb43f9b06a0f88e3db2e96e6b2b17bbd (refs/remotes/origin/master)
 > C:\Program Files\Git\bin\git.exe config core.sparsecheckout # timeout=10
 > C:\Program Files\Git\bin\git.exe checkout -f a738bd8feb43f9b06a0f88e3db2e96e6b2b17bbd # timeout=10
Commit message: "Milestone5"
 > C:\Program Files\Git\bin\git.exe rev-list --no-walk 126c8a8a8fbe5d7ce5bf2a6b975f06f56b3629e0 # timeout=10
[Pipeline] }
[Pipeline] // dir
[Pipeline] }
[Pipeline] // stage
[Pipeline] stage
[Pipeline] { (Build)
[Pipeline] dir
Running in D:\workspace\Jenkins\FrontEnt
[Pipeline] {
[Pipeline] bat

D:\workspace\Jenkins\FrontEnt>set current_dir=D:\workspace\Jenkins\FrontEnt 

D:\workspace\Jenkins\FrontEnt>if not exist D:\workspace\Jenkins\FrontEnt\node_modules (
mkdir node_modules  
 if exist D:\workspace\eMark\FrontEnt\node_modules (xcopy D:\workspace\eMark\FrontEnt\node_modules D:\workspace\Jenkins\FrontEnt\node_modules /s /e /q )  else { 
 npm install  
 }
) 

D:\workspace\Jenkins\FrontEnt>npm run build 

> front-ent@0.0.0 build D:\workspace\Jenkins\FrontEnt
> ng build

Generating ES5 bundles for differential loading...
ES5 bundle generation complete.

chunk {polyfills} polyfills-es2015.js, polyfills-es2015.js.map (polyfills) 150 kB [initial] [rendered]
chunk {polyfills-es5} polyfills-es5.js, polyfills-es5.js.map (polyfills-es5) 665 kB [initial] [rendered]
chunk {styles} styles-es2015.js, styles-es2015.js.map (styles) 6.36 MB [initial] [rendered]
chunk {styles} styles-es5.js, styles-es5.js.map (styles) 6.36 MB [initial] [rendered]
chunk {runtime} runtime-es2015.js, runtime-es2015.js.map (runtime) 6.16 kB [entry] [rendered]
chunk {runtime} runtime-es5.js, runtime-es5.js.map (runtime) 6.16 kB [entry] [rendered]
chunk {vendor} vendor-es2015.js, vendor-es2015.js.map (vendor) 12.4 MB [initial] [rendered]
chunk {vendor} vendor-es5.js, vendor-es5.js.map (vendor) 14.6 MB [initial] [rendered]
chunk {main} main-es2015.js, main-es2015.js.map (main) 396 kB [initial] [rendered]
chunk {main} main-es5.js, main-es5.js.map (main) 444 kB [initial] [rendered]
chunk {scripts} scripts.js, scripts.js.map (scripts) 94.9 kB [entry] [rendered]
Date: 2020-06-14T14:33:14.705Z - Hash: f6c955a2a8a62bf8976e - Time: 55881ms
[Pipeline] }
[Pipeline] // dir
[Pipeline] withMaven
[withMaven] Options: []
[withMaven] Available options: 
[withMaven] using JDK installation jdk1.8_202
[withMaven] using Maven installation 'maven'
[Pipeline] {
[Pipeline] dir
Running in D:\workspace\Jenkins\MidTier\EurekaServer
[Pipeline] {
[Pipeline] bat

D:\workspace\Jenkins\MidTier\EurekaServer>mvn clean package -Dmaven.test.skip=true 
----- withMaven Wrapper script -----
Apache Maven 3.6.3 (cecedd343002696d0abb50b32b541b8a6ba2883f)
Maven home: D:\workspace\apache-maven-3.6.3-bin\apache-maven-3.6.3\bin\..
Java version: 1.8.0_202, vendor: Oracle Corporation, runtime: C:\Program Files\Java\jdk1.8.0_202\jre
Default locale: zh_CN, platform encoding: GBK
OS name: "windows 10", version: "10.0", arch: "amd64", family: "windows"
[INFO] [jenkins-event-spy] Generate C:\Users\ginge\.jenkins\workspace\emart-pipeline@tmp\withMaven5580f740\maven-spy-20200614-223319-7072378864075518046363.log.tmp ...
[INFO] Scanning for projects...
[INFO] 
[INFO] -----------------------< com.emart:EurekaServer >-----------------------
[INFO] Building EurekaServer 0.0.1-SNAPSHOT
[INFO] --------------------------------[ jar ]---------------------------------
[INFO] 
[INFO] --- maven-clean-plugin:3.1.0:clean (default-clean) @ EurekaServer ---
[INFO] Deleting D:\workspace\Jenkins\MidTier\EurekaServer\target
[INFO] 
[INFO] --- maven-resources-plugin:3.1.0:resources (default-resources) @ EurekaServer ---
[INFO] Using 'UTF-8' encoding to copy filtered resources.
[INFO] Copying 1 resource
[INFO] Copying 0 resource
[INFO] 
[INFO] --- maven-compiler-plugin:3.8.1:compile (default-compile) @ EurekaServer ---
[INFO] Changes detected - recompiling the module!
[INFO] Compiling 1 source file to D:\workspace\Jenkins\MidTier\EurekaServer\target\classes
[INFO] 
[INFO] --- maven-resources-plugin:3.1.0:testResources (default-testResources) @ EurekaServer ---
[INFO] Not copying test resources
[INFO] 
[INFO] --- maven-compiler-plugin:3.8.1:testCompile (default-testCompile) @ EurekaServer ---
[INFO] Not compiling test sources
[INFO] 
[INFO] --- maven-surefire-plugin:2.22.2:test (default-test) @ EurekaServer ---
[INFO] Tests are skipped.
[INFO] 
[INFO] --- maven-jar-plugin:3.1.2:jar (default-jar) @ EurekaServer ---
[INFO] Building jar: D:\workspace\Jenkins\MidTier\EurekaServer\target\EurekaServer-0.0.1-SNAPSHOT.jar
[INFO] 
[INFO] --- spring-boot-maven-plugin:2.2.7.RELEASE:repackage (repackage) @ EurekaServer ---
[INFO] Replacing main artifact with repackaged archive
[INFO] ------------------------------------------------------------------------
[INFO] BUILD SUCCESS
[INFO] ------------------------------------------------------------------------
[INFO] Total time:  9.305 s
[INFO] Finished at: 2020-06-14T22:33:30+08:00
[INFO] ------------------------------------------------------------------------
[INFO] [jenkins-event-spy] Generated C:\Users\ginge\.jenkins\workspace\emart-pipeline@tmp\withMaven5580f740\maven-spy-20200614-223319-7072378864075518046363.log
Picked up JAVA_TOOL_OPTIONS: -Dmaven.ext.class.path="C:\Users\ginge\.jenkins\workspace\emart-pipeline@tmp\withMaven5580f740\pipeline-maven-spy.jar" -Dorg.jenkinsci.plugins.pipeline.maven.reportsFolder="C:\Users\ginge\.jenkins\workspace\emart-pipeline@tmp\withMaven5580f740" 
[Pipeline] }
[Pipeline] // dir
[Pipeline] dir
Running in D:\workspace\Jenkins\MidTier\MircroService-Item
[Pipeline] {
[Pipeline] bat

D:\workspace\Jenkins\MidTier\MircroService-Item>mvn clean package -Dmaven.test.skip=true 
----- withMaven Wrapper script -----
Apache Maven 3.6.3 (cecedd343002696d0abb50b32b541b8a6ba2883f)
Maven home: D:\workspace\apache-maven-3.6.3-bin\apache-maven-3.6.3\bin\..
Java version: 1.8.0_202, vendor: Oracle Corporation, runtime: C:\Program Files\Java\jdk1.8.0_202\jre
Default locale: zh_CN, platform encoding: GBK
OS name: "windows 10", version: "10.0", arch: "amd64", family: "windows"
[INFO] [jenkins-event-spy] Generate C:\Users\ginge\.jenkins\workspace\emart-pipeline@tmp\withMaven5580f740\maven-spy-20200614-223331-9053172682696297788586.log.tmp ...
[INFO] Scanning for projects...
[INFO] 
[INFO] --------------------< com.emart:MircroService-Item >--------------------
[INFO] Building MircroService-Item 0.0.1-SNAPSHOT
[INFO] --------------------------------[ jar ]---------------------------------
[INFO] 
[INFO] --- maven-clean-plugin:3.1.0:clean (default-clean) @ MircroService-Item ---
[INFO] Deleting D:\workspace\Jenkins\MidTier\MircroService-Item\target
[INFO] 
[INFO] --- maven-resources-plugin:3.1.0:resources (default-resources) @ MircroService-Item ---
[INFO] Using 'UTF-8' encoding to copy filtered resources.
[INFO] Copying 1 resource
[INFO] Copying 0 resource
[INFO] 
[INFO] --- maven-compiler-plugin:3.8.1:compile (default-compile) @ MircroService-Item ---
[INFO] Changes detected - recompiling the module!
[INFO] Compiling 20 source files to D:\workspace\Jenkins\MidTier\MircroService-Item\target\classes
[INFO] 
[INFO] --- maven-resources-plugin:3.1.0:testResources (default-testResources) @ MircroService-Item ---
[INFO] Not copying test resources
[INFO] 
[INFO] --- maven-compiler-plugin:3.8.1:testCompile (default-testCompile) @ MircroService-Item ---
[INFO] Not compiling test sources
[INFO] 
[INFO] --- maven-surefire-plugin:2.22.2:test (default-test) @ MircroService-Item ---
[INFO] Tests are skipped.
[INFO] 
[INFO] --- asciidoctor-maven-plugin:1.5.8:process-asciidoc (generate-docs) @ MircroService-Item ---
[INFO] sourceDirectory D:\workspace\Jenkins\MidTier\MircroService-Item\src\main\asciidoc does not exist. Skip processing
[INFO] 
[INFO] --- maven-jar-plugin:3.1.2:jar (default-jar) @ MircroService-Item ---
[INFO] Building jar: D:\workspace\Jenkins\MidTier\MircroService-Item\target\MircroService-Item-0.0.1-SNAPSHOT.jar
[INFO] 
[INFO] --- spring-boot-maven-plugin:2.2.7.RELEASE:repackage (repackage) @ MircroService-Item ---
[INFO] Replacing main artifact with repackaged archive
[INFO] ------------------------------------------------------------------------
[INFO] BUILD SUCCESS
[INFO] ------------------------------------------------------------------------
[INFO] Total time:  10.686 s
[INFO] Finished at: 2020-06-14T22:33:43+08:00
[INFO] ------------------------------------------------------------------------
[INFO] [jenkins-event-spy] Generated C:\Users\ginge\.jenkins\workspace\emart-pipeline@tmp\withMaven5580f740\maven-spy-20200614-223331-9053172682696297788586.log
Picked up JAVA_TOOL_OPTIONS: -Dmaven.ext.class.path="C:\Users\ginge\.jenkins\workspace\emart-pipeline@tmp\withMaven5580f740\pipeline-maven-spy.jar" -Dorg.jenkinsci.plugins.pipeline.maven.reportsFolder="C:\Users\ginge\.jenkins\workspace\emart-pipeline@tmp\withMaven5580f740" 
[Pipeline] }
[Pipeline] // dir
[Pipeline] dir
Running in D:\workspace\Jenkins\MidTier\MircroService-Mast
[Pipeline] {
[Pipeline] bat

D:\workspace\Jenkins\MidTier\MircroService-Mast>mvn clean package -Dmaven.test.skip=true 
----- withMaven Wrapper script -----
Apache Maven 3.6.3 (cecedd343002696d0abb50b32b541b8a6ba2883f)
Maven home: D:\workspace\apache-maven-3.6.3-bin\apache-maven-3.6.3\bin\..
Java version: 1.8.0_202, vendor: Oracle Corporation, runtime: C:\Program Files\Java\jdk1.8.0_202\jre
Default locale: zh_CN, platform encoding: GBK
OS name: "windows 10", version: "10.0", arch: "amd64", family: "windows"
[INFO] [jenkins-event-spy] Generate C:\Users\ginge\.jenkins\workspace\emart-pipeline@tmp\withMaven5580f740\maven-spy-20200614-223345-5494294455029928225474.log.tmp ...
[INFO] Scanning for projects...
[INFO] 
[INFO] --------------------< com.emart:MircroService-Mast >--------------------
[INFO] Building MircroService-Mast 0.0.1-SNAPSHOT
[INFO] --------------------------------[ jar ]---------------------------------
[INFO] 
[INFO] --- maven-clean-plugin:3.1.0:clean (default-clean) @ MircroService-Mast ---
[INFO] Deleting D:\workspace\Jenkins\MidTier\MircroService-Mast\target
[INFO] 
[INFO] --- maven-resources-plugin:3.1.0:resources (default-resources) @ MircroService-Mast ---
[INFO] Using 'UTF-8' encoding to copy filtered resources.
[INFO] Copying 1 resource
[INFO] Copying 0 resource
[INFO] 
[INFO] --- maven-compiler-plugin:3.8.1:compile (default-compile) @ MircroService-Mast ---
[INFO] Changes detected - recompiling the module!
[INFO] Compiling 21 source files to D:\workspace\Jenkins\MidTier\MircroService-Mast\target\classes
[INFO] 
[INFO] --- maven-resources-plugin:3.1.0:testResources (default-testResources) @ MircroService-Mast ---
[INFO] Not copying test resources
[INFO] 
[INFO] --- maven-compiler-plugin:3.8.1:testCompile (default-testCompile) @ MircroService-Mast ---
[INFO] Not compiling test sources
[INFO] 
[INFO] --- maven-surefire-plugin:2.22.2:test (default-test) @ MircroService-Mast ---
[INFO] Tests are skipped.
[INFO] 
[INFO] --- asciidoctor-maven-plugin:1.5.8:process-asciidoc (generate-docs) @ MircroService-Mast ---
[INFO] sourceDirectory D:\workspace\Jenkins\MidTier\MircroService-Mast\src\main\asciidoc does not exist. Skip processing
[INFO] 
[INFO] --- maven-jar-plugin:3.1.2:jar (default-jar) @ MircroService-Mast ---
[INFO] Building jar: D:\workspace\Jenkins\MidTier\MircroService-Mast\target\MircroService-Mast-0.0.1-SNAPSHOT.jar
[INFO] 
[INFO] --- spring-boot-maven-plugin:2.2.7.RELEASE:repackage (repackage) @ MircroService-Mast ---
[INFO] Replacing main artifact with repackaged archive
[INFO] ------------------------------------------------------------------------
[INFO] BUILD SUCCESS
[INFO] ------------------------------------------------------------------------
[INFO] Total time:  9.642 s
[INFO] Finished at: 2020-06-14T22:33:56+08:00
[INFO] ------------------------------------------------------------------------
[INFO] [jenkins-event-spy] Generated C:\Users\ginge\.jenkins\workspace\emart-pipeline@tmp\withMaven5580f740\maven-spy-20200614-223345-5494294455029928225474.log
Picked up JAVA_TOOL_OPTIONS: -Dmaven.ext.class.path="C:\Users\ginge\.jenkins\workspace\emart-pipeline@tmp\withMaven5580f740\pipeline-maven-spy.jar" -Dorg.jenkinsci.plugins.pipeline.maven.reportsFolder="C:\Users\ginge\.jenkins\workspace\emart-pipeline@tmp\withMaven5580f740" 
[Pipeline] }
[Pipeline] // dir
[Pipeline] dir
Running in D:\workspace\Jenkins\MidTier\MircroService-Transaction
[Pipeline] {
[Pipeline] bat

D:\workspace\Jenkins\MidTier\MircroService-Transaction>mvn clean package -Dmaven.test.skip=true 
----- withMaven Wrapper script -----
Apache Maven 3.6.3 (cecedd343002696d0abb50b32b541b8a6ba2883f)
Maven home: D:\workspace\apache-maven-3.6.3-bin\apache-maven-3.6.3\bin\..
Java version: 1.8.0_202, vendor: Oracle Corporation, runtime: C:\Program Files\Java\jdk1.8.0_202\jre
Default locale: zh_CN, platform encoding: GBK
OS name: "windows 10", version: "10.0", arch: "amd64", family: "windows"
[INFO] [jenkins-event-spy] Generate C:\Users\ginge\.jenkins\workspace\emart-pipeline@tmp\withMaven5580f740\maven-spy-20200614-223358-637430606189048473809.log.tmp ...
[INFO] Scanning for projects...
[INFO] 
[INFO] ----------------< com.emart:MircroService-Transaction >-----------------
[INFO] Building MircroService-Transaction 0.0.1-SNAPSHOT
[INFO] --------------------------------[ jar ]---------------------------------
[INFO] 
[INFO] --- maven-clean-plugin:3.1.0:clean (default-clean) @ MircroService-Transaction ---
[INFO] Deleting D:\workspace\Jenkins\MidTier\MircroService-Transaction\target
[INFO] 
[INFO] --- maven-resources-plugin:3.1.0:resources (default-resources) @ MircroService-Transaction ---
[INFO] Using 'UTF-8' encoding to copy filtered resources.
[INFO] Copying 1 resource
[INFO] Copying 1 resource
[INFO] 
[INFO] --- maven-compiler-plugin:3.8.1:compile (default-compile) @ MircroService-Transaction ---
[INFO] Changes detected - recompiling the module!
[INFO] Compiling 29 source files to D:\workspace\Jenkins\MidTier\MircroService-Transaction\target\classes
[INFO] 
[INFO] --- maven-resources-plugin:3.1.0:testResources (default-testResources) @ MircroService-Transaction ---
[INFO] Not copying test resources
[INFO] 
[INFO] --- maven-compiler-plugin:3.8.1:testCompile (default-testCompile) @ MircroService-Transaction ---
[INFO] Not compiling test sources
[INFO] 
[INFO] --- maven-surefire-plugin:2.22.2:test (default-test) @ MircroService-Transaction ---
[INFO] Tests are skipped.
[INFO] 
[INFO] --- asciidoctor-maven-plugin:1.5.8:process-asciidoc (generate-docs) @ MircroService-Transaction ---
[INFO] sourceDirectory D:\workspace\Jenkins\MidTier\MircroService-Transaction\src\main\asciidoc does not exist. Skip processing
[INFO] 
[INFO] --- maven-jar-plugin:3.1.2:jar (default-jar) @ MircroService-Transaction ---
[INFO] Building jar: D:\workspace\Jenkins\MidTier\MircroService-Transaction\target\MircroService-Transaction-0.0.1-SNAPSHOT.jar
[INFO] 
[INFO] --- spring-boot-maven-plugin:2.2.7.RELEASE:repackage (repackage) @ MircroService-Transaction ---
[INFO] Replacing main artifact with repackaged archive
[INFO] ------------------------------------------------------------------------
[INFO] BUILD SUCCESS
[INFO] ------------------------------------------------------------------------
[INFO] Total time:  13.205 s
[INFO] Finished at: 2020-06-14T22:34:12+08:00
[INFO] ------------------------------------------------------------------------
[INFO] [jenkins-event-spy] Generated C:\Users\ginge\.jenkins\workspace\emart-pipeline@tmp\withMaven5580f740\maven-spy-20200614-223358-637430606189048473809.log
Picked up JAVA_TOOL_OPTIONS: -Dmaven.ext.class.path="C:\Users\ginge\.jenkins\workspace\emart-pipeline@tmp\withMaven5580f740\pipeline-maven-spy.jar" -Dorg.jenkinsci.plugins.pipeline.maven.reportsFolder="C:\Users\ginge\.jenkins\workspace\emart-pipeline@tmp\withMaven5580f740" 
[Pipeline] }
[Pipeline] // dir
[Pipeline] dir
Running in D:\workspace\Jenkins\MidTier\MircroService-User
[Pipeline] {
[Pipeline] bat

D:\workspace\Jenkins\MidTier\MircroService-User>mvn clean package -Dmaven.test.skip=true 
----- withMaven Wrapper script -----
Apache Maven 3.6.3 (cecedd343002696d0abb50b32b541b8a6ba2883f)
Maven home: D:\workspace\apache-maven-3.6.3-bin\apache-maven-3.6.3\bin\..
Java version: 1.8.0_202, vendor: Oracle Corporation, runtime: C:\Program Files\Java\jdk1.8.0_202\jre
Default locale: zh_CN, platform encoding: GBK
OS name: "windows 10", version: "10.0", arch: "amd64", family: "windows"
[INFO] [jenkins-event-spy] Generate C:\Users\ginge\.jenkins\workspace\emart-pipeline@tmp\withMaven5580f740\maven-spy-20200614-223414-1433564490016154275736.log.tmp ...
[INFO] Scanning for projects...
[INFO] 
[INFO] --------------------< com.emart:MircroService-User >--------------------
[INFO] Building MircroService-User 0.0.1-SNAPSHOT
[INFO] --------------------------------[ jar ]---------------------------------
[INFO] 
[INFO] --- maven-clean-plugin:3.1.0:clean (default-clean) @ MircroService-User ---
[INFO] Deleting D:\workspace\Jenkins\MidTier\MircroService-User\target
[INFO] 
[INFO] --- maven-resources-plugin:3.1.0:resources (default-resources) @ MircroService-User ---
[INFO] Using 'UTF-8' encoding to copy filtered resources.
[INFO] Copying 1 resource
[INFO] Copying 1 resource
[INFO] 
[INFO] --- maven-compiler-plugin:3.8.1:compile (default-compile) @ MircroService-User ---
[INFO] Changes detected - recompiling the module!
[INFO] Compiling 14 source files to D:\workspace\Jenkins\MidTier\MircroService-User\target\classes
[INFO] 
[INFO] --- maven-resources-plugin:3.1.0:testResources (default-testResources) @ MircroService-User ---
[INFO] Not copying test resources
[INFO] 
[INFO] --- maven-compiler-plugin:3.8.1:testCompile (default-testCompile) @ MircroService-User ---
[INFO] Not compiling test sources
[INFO] 
[INFO] --- maven-surefire-plugin:2.22.2:test (default-test) @ MircroService-User ---
[INFO] Tests are skipped.
[INFO] 
[INFO] --- asciidoctor-maven-plugin:1.5.8:process-asciidoc (generate-docs) @ MircroService-User ---
[INFO] sourceDirectory D:\workspace\Jenkins\MidTier\MircroService-User\src\main\asciidoc does not exist. Skip processing
[INFO] 
[INFO] --- maven-jar-plugin:3.1.2:jar (default-jar) @ MircroService-User ---
[INFO] Building jar: D:\workspace\Jenkins\MidTier\MircroService-User\target\MircroService-User-0.0.1-SNAPSHOT.jar
[INFO] 
[INFO] --- spring-boot-maven-plugin:2.2.6.RELEASE:repackage (repackage) @ MircroService-User ---
[INFO] Replacing main artifact with repackaged archive
[INFO] ------------------------------------------------------------------------
[INFO] BUILD SUCCESS
[INFO] ------------------------------------------------------------------------
[INFO] Total time:  9.998 s
[INFO] Finished at: 2020-06-14T22:34:25+08:00
[INFO] ------------------------------------------------------------------------
[INFO] [jenkins-event-spy] Generated C:\Users\ginge\.jenkins\workspace\emart-pipeline@tmp\withMaven5580f740\maven-spy-20200614-223414-1433564490016154275736.log
Picked up JAVA_TOOL_OPTIONS: -Dmaven.ext.class.path="C:\Users\ginge\.jenkins\workspace\emart-pipeline@tmp\withMaven5580f740\pipeline-maven-spy.jar" -Dorg.jenkinsci.plugins.pipeline.maven.reportsFolder="C:\Users\ginge\.jenkins\workspace\emart-pipeline@tmp\withMaven5580f740" 
[Pipeline] }
[Pipeline] // dir
[Pipeline] dir
Running in D:\workspace\Jenkins\MidTier\ZuulGateway
[Pipeline] {
[Pipeline] bat

D:\workspace\Jenkins\MidTier\ZuulGateway>mvn clean package -Dmaven.test.skip=true 
----- withMaven Wrapper script -----
Apache Maven 3.6.3 (cecedd343002696d0abb50b32b541b8a6ba2883f)
Maven home: D:\workspace\apache-maven-3.6.3-bin\apache-maven-3.6.3\bin\..
Java version: 1.8.0_202, vendor: Oracle Corporation, runtime: C:\Program Files\Java\jdk1.8.0_202\jre
Default locale: zh_CN, platform encoding: GBK
OS name: "windows 10", version: "10.0", arch: "amd64", family: "windows"
[INFO] [jenkins-event-spy] Generate C:\Users\ginge\.jenkins\workspace\emart-pipeline@tmp\withMaven5580f740\maven-spy-20200614-223426-9343011348498327950977.log.tmp ...
[INFO] Scanning for projects...
[INFO] 
[INFO] -----------------------< com.emart:ZuulGateway >------------------------
[INFO] Building ZuulGateway 0.0.1-SNAPSHOT
[INFO] --------------------------------[ jar ]---------------------------------
[INFO] 
[INFO] --- maven-clean-plugin:3.1.0:clean (default-clean) @ ZuulGateway ---
[INFO] Deleting D:\workspace\Jenkins\MidTier\ZuulGateway\target
[INFO] 
[INFO] --- maven-resources-plugin:3.1.0:resources (default-resources) @ ZuulGateway ---
[INFO] Using 'UTF-8' encoding to copy filtered resources.
[INFO] Copying 1 resource
[INFO] Copying 0 resource
[INFO] 
[INFO] --- maven-compiler-plugin:3.8.1:compile (default-compile) @ ZuulGateway ---
[INFO] Changes detected - recompiling the module!
[INFO] Compiling 2 source files to D:\workspace\Jenkins\MidTier\ZuulGateway\target\classes
[INFO] 
[INFO] --- maven-resources-plugin:3.1.0:testResources (default-testResources) @ ZuulGateway ---
[INFO] Not copying test resources
[INFO] 
[INFO] --- maven-compiler-plugin:3.8.1:testCompile (default-testCompile) @ ZuulGateway ---
[INFO] Not compiling test sources
[INFO] 
[INFO] --- maven-surefire-plugin:2.22.2:test (default-test) @ ZuulGateway ---
[INFO] Tests are skipped.
[INFO] 
[INFO] --- asciidoctor-maven-plugin:1.5.8:process-asciidoc (generate-docs) @ ZuulGateway ---
[INFO] sourceDirectory D:\workspace\Jenkins\MidTier\ZuulGateway\src\main\asciidoc does not exist. Skip processing
[INFO] 
[INFO] --- maven-jar-plugin:3.1.2:jar (default-jar) @ ZuulGateway ---
[INFO] Building jar: D:\workspace\Jenkins\MidTier\ZuulGateway\target\ZuulGateway-0.0.1-SNAPSHOT.jar
[INFO] 
[INFO] --- spring-boot-maven-plugin:2.2.7.RELEASE:repackage (repackage) @ ZuulGateway ---
[INFO] Replacing main artifact with repackaged archive
[INFO] ------------------------------------------------------------------------
[INFO] BUILD SUCCESS
[INFO] ------------------------------------------------------------------------
[INFO] Total time:  9.047 s
[INFO] Finished at: 2020-06-14T22:34:36+08:00
[INFO] ------------------------------------------------------------------------
[INFO] [jenkins-event-spy] Generated C:\Users\ginge\.jenkins\workspace\emart-pipeline@tmp\withMaven5580f740\maven-spy-20200614-223426-9343011348498327950977.log
Picked up JAVA_TOOL_OPTIONS: -Dmaven.ext.class.path="C:\Users\ginge\.jenkins\workspace\emart-pipeline@tmp\withMaven5580f740\pipeline-maven-spy.jar" -Dorg.jenkinsci.plugins.pipeline.maven.reportsFolder="C:\Users\ginge\.jenkins\workspace\emart-pipeline@tmp\withMaven5580f740" 
[Pipeline] }
[Pipeline] // dir
[Pipeline] }
ERROR: [withMaven] artifactsPublisher - WARNING: Exception archiving and fingerprinting MavenArtifact{com.emart:EurekaServer:pom:0.0.1-SNAPSHOT(version: 0.0.1-SNAPSHOT, snapshot:false)  D:\workspace\Jenkins\MidTier\EurekaServer\pom.xml}, skip archiving of the artifacts
java.lang.IllegalArgumentException: Cannot relativize 'D:\workspace\Jenkins\MidTier\EurekaServer\pom.xml' relatively to 'C:\Users\ginge\.jenkins\workspace\emart-pipeline'
	at org.jenkinsci.plugins.pipeline.maven.util.XmlUtils.getPathInWorkspace(XmlUtils.java:366)
	at org.jenkinsci.plugins.pipeline.maven.publishers.GeneratedArtifactsPublisher.process(GeneratedArtifactsPublisher.java:74)
	at org.jenkinsci.plugins.pipeline.maven.MavenSpyLogProcessor.processMavenSpyLogs(MavenSpyLogProcessor.java:154)
	at org.jenkinsci.plugins.pipeline.maven.WithMavenStepExecution2$WithMavenStepExecutionCallBack.finished(WithMavenStepExecution2.java:1108)
	at org.jenkinsci.plugins.pipeline.maven.fix.jenkins49337.GeneralNonBlockingStepExecution$TailCall.lambda$onSuccess$0(GeneralNonBlockingStepExecution.java:142)
	at org.jenkinsci.plugins.pipeline.maven.fix.jenkins49337.GeneralNonBlockingStepExecution.lambda$run$0(GeneralNonBlockingStepExecution.java:85)
	at java.util.concurrent.Executors$RunnableAdapter.call(Unknown Source)
	at java.util.concurrent.FutureTask.run(Unknown Source)
	at java.util.concurrent.ThreadPoolExecutor.runWorker(Unknown Source)
	at java.util.concurrent.ThreadPoolExecutor$Worker.run(Unknown Source)
	at java.lang.Thread.run(Unknown Source)
ERROR: [withMaven] artifactsPublisher - WARNING: Exception archiving and fingerprinting MavenArtifact{com.emart:EurekaServer:jar:0.0.1-SNAPSHOT(version: 0.0.1-SNAPSHOT, snapshot:true)  D:\workspace\Jenkins\MidTier\EurekaServer\target\EurekaServer-0.0.1-SNAPSHOT.jar}, skip archiving of the artifacts
java.lang.IllegalArgumentException: Cannot relativize 'D:\workspace\Jenkins\MidTier\EurekaServer\target\EurekaServer-0.0.1-SNAPSHOT.jar' relatively to 'C:\Users\ginge\.jenkins\workspace\emart-pipeline'
	at org.jenkinsci.plugins.pipeline.maven.util.XmlUtils.getPathInWorkspace(XmlUtils.java:366)
	at org.jenkinsci.plugins.pipeline.maven.publishers.GeneratedArtifactsPublisher.process(GeneratedArtifactsPublisher.java:89)
	at org.jenkinsci.plugins.pipeline.maven.MavenSpyLogProcessor.processMavenSpyLogs(MavenSpyLogProcessor.java:154)
	at org.jenkinsci.plugins.pipeline.maven.WithMavenStepExecution2$WithMavenStepExecutionCallBack.finished(WithMavenStepExecution2.java:1108)
	at org.jenkinsci.plugins.pipeline.maven.fix.jenkins49337.GeneralNonBlockingStepExecution$TailCall.lambda$onSuccess$0(GeneralNonBlockingStepExecution.java:142)
	at org.jenkinsci.plugins.pipeline.maven.fix.jenkins49337.GeneralNonBlockingStepExecution.lambda$run$0(GeneralNonBlockingStepExecution.java:85)
	at java.util.concurrent.Executors$RunnableAdapter.call(Unknown Source)
	at java.util.concurrent.FutureTask.run(Unknown Source)
	at java.util.concurrent.ThreadPoolExecutor.runWorker(Unknown Source)
	at java.util.concurrent.ThreadPoolExecutor$Worker.run(Unknown Source)
	at java.lang.Thread.run(Unknown Source)
ERROR: [withMaven] WARNING Exception executing Maven reporter 'Junit Publisher' / org.jenkinsci.plugins.pipeline.maven.publishers.JunitTestsPublisher. Please report a bug associated for the component 'pipeline-maven-plugin' at https://issues.jenkins-ci.org 
java.lang.IllegalArgumentException: Cannot relativize 'D:\workspace\Jenkins\MidTier\EurekaServer\target/surefire-reports' relatively to 'C:\Users\ginge\.jenkins\workspace\emart-pipeline'
	at org.jenkinsci.plugins.pipeline.maven.util.XmlUtils.getPathInWorkspace(XmlUtils.java:366)
	at org.jenkinsci.plugins.pipeline.maven.publishers.JunitTestsPublisher.executeReporter(JunitTestsPublisher.java:263)
	at org.jenkinsci.plugins.pipeline.maven.publishers.JunitTestsPublisher.process(JunitTestsPublisher.java:210)
	at org.jenkinsci.plugins.pipeline.maven.MavenSpyLogProcessor.processMavenSpyLogs(MavenSpyLogProcessor.java:154)
	at org.jenkinsci.plugins.pipeline.maven.WithMavenStepExecution2$WithMavenStepExecutionCallBack.finished(WithMavenStepExecution2.java:1108)
	at org.jenkinsci.plugins.pipeline.maven.fix.jenkins49337.GeneralNonBlockingStepExecution$TailCall.lambda$onSuccess$0(GeneralNonBlockingStepExecution.java:142)
	at org.jenkinsci.plugins.pipeline.maven.fix.jenkins49337.GeneralNonBlockingStepExecution.lambda$run$0(GeneralNonBlockingStepExecution.java:85)
	at java.util.concurrent.Executors$RunnableAdapter.call(Unknown Source)
	at java.util.concurrent.FutureTask.run(Unknown Source)
	at java.util.concurrent.ThreadPoolExecutor.runWorker(Unknown Source)
	at java.util.concurrent.ThreadPoolExecutor$Worker.run(Unknown Source)
	at java.lang.Thread.run(Unknown Source)
[withMaven] Jenkins Task Scanner Plugin not found, don't display results of source code scanning for 'TODO' and 'FIXME' in pipeline screen.
[withMaven] Publishers: Pipeline Graph Publisher: 35 ms, Generated Artifacts Publisher: 7 ms, Junit Publisher: 3 ms, Dependencies Fingerprint Publisher: 1 ms, JGiven Publisher: 1 ms, Open Task Scanner Publisher: 1 ms
ERROR: [withMaven] artifactsPublisher - WARNING: Exception archiving and fingerprinting MavenArtifact{com.emart:MircroService-Item:pom:0.0.1-SNAPSHOT(version: 0.0.1-SNAPSHOT, snapshot:false)  D:\workspace\Jenkins\MidTier\MircroService-Item\pom.xml}, skip archiving of the artifacts
java.lang.IllegalArgumentException: Cannot relativize 'D:\workspace\Jenkins\MidTier\MircroService-Item\pom.xml' relatively to 'C:\Users\ginge\.jenkins\workspace\emart-pipeline'
	at org.jenkinsci.plugins.pipeline.maven.util.XmlUtils.getPathInWorkspace(XmlUtils.java:366)
	at org.jenkinsci.plugins.pipeline.maven.publishers.GeneratedArtifactsPublisher.process(GeneratedArtifactsPublisher.java:74)
	at org.jenkinsci.plugins.pipeline.maven.MavenSpyLogProcessor.processMavenSpyLogs(MavenSpyLogProcessor.java:154)
	at org.jenkinsci.plugins.pipeline.maven.WithMavenStepExecution2$WithMavenStepExecutionCallBack.finished(WithMavenStepExecution2.java:1108)
	at org.jenkinsci.plugins.pipeline.maven.fix.jenkins49337.GeneralNonBlockingStepExecution$TailCall.lambda$onSuccess$0(GeneralNonBlockingStepExecution.java:142)
	at org.jenkinsci.plugins.pipeline.maven.fix.jenkins49337.GeneralNonBlockingStepExecution.lambda$run$0(GeneralNonBlockingStepExecution.java:85)
	at java.util.concurrent.Executors$RunnableAdapter.call(Unknown Source)
	at java.util.concurrent.FutureTask.run(Unknown Source)
	at java.util.concurrent.ThreadPoolExecutor.runWorker(Unknown Source)
	at java.util.concurrent.ThreadPoolExecutor$Worker.run(Unknown Source)
	at java.lang.Thread.run(Unknown Source)
ERROR: [withMaven] artifactsPublisher - WARNING: Exception archiving and fingerprinting MavenArtifact{com.emart:MircroService-Item:jar:0.0.1-SNAPSHOT(version: 0.0.1-SNAPSHOT, snapshot:true)  D:\workspace\Jenkins\MidTier\MircroService-Item\target\MircroService-Item-0.0.1-SNAPSHOT.jar}, skip archiving of the artifacts
java.lang.IllegalArgumentException: Cannot relativize 'D:\workspace\Jenkins\MidTier\MircroService-Item\target\MircroService-Item-0.0.1-SNAPSHOT.jar' relatively to 'C:\Users\ginge\.jenkins\workspace\emart-pipeline'
	at org.jenkinsci.plugins.pipeline.maven.util.XmlUtils.getPathInWorkspace(XmlUtils.java:366)
	at org.jenkinsci.plugins.pipeline.maven.publishers.GeneratedArtifactsPublisher.process(GeneratedArtifactsPublisher.java:89)
	at org.jenkinsci.plugins.pipeline.maven.MavenSpyLogProcessor.processMavenSpyLogs(MavenSpyLogProcessor.java:154)
	at org.jenkinsci.plugins.pipeline.maven.WithMavenStepExecution2$WithMavenStepExecutionCallBack.finished(WithMavenStepExecution2.java:1108)
	at org.jenkinsci.plugins.pipeline.maven.fix.jenkins49337.GeneralNonBlockingStepExecution$TailCall.lambda$onSuccess$0(GeneralNonBlockingStepExecution.java:142)
	at org.jenkinsci.plugins.pipeline.maven.fix.jenkins49337.GeneralNonBlockingStepExecution.lambda$run$0(GeneralNonBlockingStepExecution.java:85)
	at java.util.concurrent.Executors$RunnableAdapter.call(Unknown Source)
	at java.util.concurrent.FutureTask.run(Unknown Source)
	at java.util.concurrent.ThreadPoolExecutor.runWorker(Unknown Source)
	at java.util.concurrent.ThreadPoolExecutor$Worker.run(Unknown Source)
	at java.lang.Thread.run(Unknown Source)
ERROR: [withMaven] WARNING Exception executing Maven reporter 'Junit Publisher' / org.jenkinsci.plugins.pipeline.maven.publishers.JunitTestsPublisher. Please report a bug associated for the component 'pipeline-maven-plugin' at https://issues.jenkins-ci.org 
java.lang.IllegalArgumentException: Cannot relativize 'D:\workspace\Jenkins\MidTier\MircroService-Item\target/surefire-reports' relatively to 'C:\Users\ginge\.jenkins\workspace\emart-pipeline'
	at org.jenkinsci.plugins.pipeline.maven.util.XmlUtils.getPathInWorkspace(XmlUtils.java:366)
	at org.jenkinsci.plugins.pipeline.maven.publishers.JunitTestsPublisher.executeReporter(JunitTestsPublisher.java:263)
	at org.jenkinsci.plugins.pipeline.maven.publishers.JunitTestsPublisher.process(JunitTestsPublisher.java:210)
	at org.jenkinsci.plugins.pipeline.maven.MavenSpyLogProcessor.processMavenSpyLogs(MavenSpyLogProcessor.java:154)
	at org.jenkinsci.plugins.pipeline.maven.WithMavenStepExecution2$WithMavenStepExecutionCallBack.finished(WithMavenStepExecution2.java:1108)
	at org.jenkinsci.plugins.pipeline.maven.fix.jenkins49337.GeneralNonBlockingStepExecution$TailCall.lambda$onSuccess$0(GeneralNonBlockingStepExecution.java:142)
	at org.jenkinsci.plugins.pipeline.maven.fix.jenkins49337.GeneralNonBlockingStepExecution.lambda$run$0(GeneralNonBlockingStepExecution.java:85)
	at java.util.concurrent.Executors$RunnableAdapter.call(Unknown Source)
	at java.util.concurrent.FutureTask.run(Unknown Source)
	at java.util.concurrent.ThreadPoolExecutor.runWorker(Unknown Source)
	at java.util.concurrent.ThreadPoolExecutor$Worker.run(Unknown Source)
	at java.lang.Thread.run(Unknown Source)
[withMaven] Jenkins Task Scanner Plugin not found, don't display results of source code scanning for 'TODO' and 'FIXME' in pipeline screen.
[withMaven] Publishers: Pipeline Graph Publisher: 6 ms, Generated Artifacts Publisher: 1 ms, Dependencies Fingerprint Publisher: 1 ms, Open Task Scanner Publisher: 1 ms
ERROR: [withMaven] artifactsPublisher - WARNING: Exception archiving and fingerprinting MavenArtifact{com.emart:MircroService-Mast:pom:0.0.1-SNAPSHOT(version: 0.0.1-SNAPSHOT, snapshot:false)  D:\workspace\Jenkins\MidTier\MircroService-Mast\pom.xml}, skip archiving of the artifacts
java.lang.IllegalArgumentException: Cannot relativize 'D:\workspace\Jenkins\MidTier\MircroService-Mast\pom.xml' relatively to 'C:\Users\ginge\.jenkins\workspace\emart-pipeline'
	at org.jenkinsci.plugins.pipeline.maven.util.XmlUtils.getPathInWorkspace(XmlUtils.java:366)
	at org.jenkinsci.plugins.pipeline.maven.publishers.GeneratedArtifactsPublisher.process(GeneratedArtifactsPublisher.java:74)
	at org.jenkinsci.plugins.pipeline.maven.MavenSpyLogProcessor.processMavenSpyLogs(MavenSpyLogProcessor.java:154)
	at org.jenkinsci.plugins.pipeline.maven.WithMavenStepExecution2$WithMavenStepExecutionCallBack.finished(WithMavenStepExecution2.java:1108)
	at org.jenkinsci.plugins.pipeline.maven.fix.jenkins49337.GeneralNonBlockingStepExecution$TailCall.lambda$onSuccess$0(GeneralNonBlockingStepExecution.java:142)
	at org.jenkinsci.plugins.pipeline.maven.fix.jenkins49337.GeneralNonBlockingStepExecution.lambda$run$0(GeneralNonBlockingStepExecution.java:85)
	at java.util.concurrent.Executors$RunnableAdapter.call(Unknown Source)
	at java.util.concurrent.FutureTask.run(Unknown Source)
	at java.util.concurrent.ThreadPoolExecutor.runWorker(Unknown Source)
	at java.util.concurrent.ThreadPoolExecutor$Worker.run(Unknown Source)
	at java.lang.Thread.run(Unknown Source)
ERROR: [withMaven] artifactsPublisher - WARNING: Exception archiving and fingerprinting MavenArtifact{com.emart:MircroService-Mast:jar:0.0.1-SNAPSHOT(version: 0.0.1-SNAPSHOT, snapshot:true)  D:\workspace\Jenkins\MidTier\MircroService-Mast\target\MircroService-Mast-0.0.1-SNAPSHOT.jar}, skip archiving of the artifacts
java.lang.IllegalArgumentException: Cannot relativize 'D:\workspace\Jenkins\MidTier\MircroService-Mast\target\MircroService-Mast-0.0.1-SNAPSHOT.jar' relatively to 'C:\Users\ginge\.jenkins\workspace\emart-pipeline'
	at org.jenkinsci.plugins.pipeline.maven.util.XmlUtils.getPathInWorkspace(XmlUtils.java:366)
	at org.jenkinsci.plugins.pipeline.maven.publishers.GeneratedArtifactsPublisher.process(GeneratedArtifactsPublisher.java:89)
	at org.jenkinsci.plugins.pipeline.maven.MavenSpyLogProcessor.processMavenSpyLogs(MavenSpyLogProcessor.java:154)
	at org.jenkinsci.plugins.pipeline.maven.WithMavenStepExecution2$WithMavenStepExecutionCallBack.finished(WithMavenStepExecution2.java:1108)
	at org.jenkinsci.plugins.pipeline.maven.fix.jenkins49337.GeneralNonBlockingStepExecution$TailCall.lambda$onSuccess$0(GeneralNonBlockingStepExecution.java:142)
	at org.jenkinsci.plugins.pipeline.maven.fix.jenkins49337.GeneralNonBlockingStepExecution.lambda$run$0(GeneralNonBlockingStepExecution.java:85)
	at java.util.concurrent.Executors$RunnableAdapter.call(Unknown Source)
	at java.util.concurrent.FutureTask.run(Unknown Source)
	at java.util.concurrent.ThreadPoolExecutor.runWorker(Unknown Source)
	at java.util.concurrent.ThreadPoolExecutor$Worker.run(Unknown Source)
	at java.lang.Thread.run(Unknown Source)
ERROR: [withMaven] WARNING Exception executing Maven reporter 'Junit Publisher' / org.jenkinsci.plugins.pipeline.maven.publishers.JunitTestsPublisher. Please report a bug associated for the component 'pipeline-maven-plugin' at https://issues.jenkins-ci.org 
java.lang.IllegalArgumentException: Cannot relativize 'D:\workspace\Jenkins\MidTier\MircroService-Mast\target/surefire-reports' relatively to 'C:\Users\ginge\.jenkins\workspace\emart-pipeline'
	at org.jenkinsci.plugins.pipeline.maven.util.XmlUtils.getPathInWorkspace(XmlUtils.java:366)
	at org.jenkinsci.plugins.pipeline.maven.publishers.JunitTestsPublisher.executeReporter(JunitTestsPublisher.java:263)
	at org.jenkinsci.plugins.pipeline.maven.publishers.JunitTestsPublisher.process(JunitTestsPublisher.java:210)
	at org.jenkinsci.plugins.pipeline.maven.MavenSpyLogProcessor.processMavenSpyLogs(MavenSpyLogProcessor.java:154)
	at org.jenkinsci.plugins.pipeline.maven.WithMavenStepExecution2$WithMavenStepExecutionCallBack.finished(WithMavenStepExecution2.java:1108)
	at org.jenkinsci.plugins.pipeline.maven.fix.jenkins49337.GeneralNonBlockingStepExecution$TailCall.lambda$onSuccess$0(GeneralNonBlockingStepExecution.java:142)
	at org.jenkinsci.plugins.pipeline.maven.fix.jenkins49337.GeneralNonBlockingStepExecution.lambda$run$0(GeneralNonBlockingStepExecution.java:85)
	at java.util.concurrent.Executors$RunnableAdapter.call(Unknown Source)
	at java.util.concurrent.FutureTask.run(Unknown Source)
	at java.util.concurrent.ThreadPoolExecutor.runWorker(Unknown Source)
	at java.util.concurrent.ThreadPoolExecutor$Worker.run(Unknown Source)
	at java.lang.Thread.run(Unknown Source)
[withMaven] Jenkins Task Scanner Plugin not found, don't display results of source code scanning for 'TODO' and 'FIXME' in pipeline screen.
[withMaven] Publishers: Pipeline Graph Publisher: 4 ms, Generated Artifacts Publisher: 1 ms, Open Task Scanner Publisher: 1 ms
ERROR: [withMaven] artifactsPublisher - WARNING: Exception archiving and fingerprinting MavenArtifact{com.emart:MircroService-Transaction:pom:0.0.1-SNAPSHOT(version: 0.0.1-SNAPSHOT, snapshot:false)  D:\workspace\Jenkins\MidTier\MircroService-Transaction\pom.xml}, skip archiving of the artifacts
java.lang.IllegalArgumentException: Cannot relativize 'D:\workspace\Jenkins\MidTier\MircroService-Transaction\pom.xml' relatively to 'C:\Users\ginge\.jenkins\workspace\emart-pipeline'
	at org.jenkinsci.plugins.pipeline.maven.util.XmlUtils.getPathInWorkspace(XmlUtils.java:366)
	at org.jenkinsci.plugins.pipeline.maven.publishers.GeneratedArtifactsPublisher.process(GeneratedArtifactsPublisher.java:74)
	at org.jenkinsci.plugins.pipeline.maven.MavenSpyLogProcessor.processMavenSpyLogs(MavenSpyLogProcessor.java:154)
	at org.jenkinsci.plugins.pipeline.maven.WithMavenStepExecution2$WithMavenStepExecutionCallBack.finished(WithMavenStepExecution2.java:1108)
	at org.jenkinsci.plugins.pipeline.maven.fix.jenkins49337.GeneralNonBlockingStepExecution$TailCall.lambda$onSuccess$0(GeneralNonBlockingStepExecution.java:142)
	at org.jenkinsci.plugins.pipeline.maven.fix.jenkins49337.GeneralNonBlockingStepExecution.lambda$run$0(GeneralNonBlockingStepExecution.java:85)
	at java.util.concurrent.Executors$RunnableAdapter.call(Unknown Source)
	at java.util.concurrent.FutureTask.run(Unknown Source)
	at java.util.concurrent.ThreadPoolExecutor.runWorker(Unknown Source)
	at java.util.concurrent.ThreadPoolExecutor$Worker.run(Unknown Source)
	at java.lang.Thread.run(Unknown Source)
ERROR: [withMaven] artifactsPublisher - WARNING: Exception archiving and fingerprinting MavenArtifact{com.emart:MircroService-Transaction:jar:0.0.1-SNAPSHOT(version: 0.0.1-SNAPSHOT, snapshot:true)  D:\workspace\Jenkins\MidTier\MircroService-Transaction\target\MircroService-Transaction-0.0.1-SNAPSHOT.jar}, skip archiving of the artifacts
java.lang.IllegalArgumentException: Cannot relativize 'D:\workspace\Jenkins\MidTier\MircroService-Transaction\target\MircroService-Transaction-0.0.1-SNAPSHOT.jar' relatively to 'C:\Users\ginge\.jenkins\workspace\emart-pipeline'
	at org.jenkinsci.plugins.pipeline.maven.util.XmlUtils.getPathInWorkspace(XmlUtils.java:366)
	at org.jenkinsci.plugins.pipeline.maven.publishers.GeneratedArtifactsPublisher.process(GeneratedArtifactsPublisher.java:89)
	at org.jenkinsci.plugins.pipeline.maven.MavenSpyLogProcessor.processMavenSpyLogs(MavenSpyLogProcessor.java:154)
	at org.jenkinsci.plugins.pipeline.maven.WithMavenStepExecution2$WithMavenStepExecutionCallBack.finished(WithMavenStepExecution2.java:1108)
	at org.jenkinsci.plugins.pipeline.maven.fix.jenkins49337.GeneralNonBlockingStepExecution$TailCall.lambda$onSuccess$0(GeneralNonBlockingStepExecution.java:142)
	at org.jenkinsci.plugins.pipeline.maven.fix.jenkins49337.GeneralNonBlockingStepExecution.lambda$run$0(GeneralNonBlockingStepExecution.java:85)
	at java.util.concurrent.Executors$RunnableAdapter.call(Unknown Source)
	at java.util.concurrent.FutureTask.run(Unknown Source)
	at java.util.concurrent.ThreadPoolExecutor.runWorker(Unknown Source)
	at java.util.concurrent.ThreadPoolExecutor$Worker.run(Unknown Source)
	at java.lang.Thread.run(Unknown Source)
ERROR: [withMaven] WARNING Exception executing Maven reporter 'Junit Publisher' / org.jenkinsci.plugins.pipeline.maven.publishers.JunitTestsPublisher. Please report a bug associated for the component 'pipeline-maven-plugin' at https://issues.jenkins-ci.org 
java.lang.IllegalArgumentException: Cannot relativize 'D:\workspace\Jenkins\MidTier\MircroService-Transaction\target/surefire-reports' relatively to 'C:\Users\ginge\.jenkins\workspace\emart-pipeline'
	at org.jenkinsci.plugins.pipeline.maven.util.XmlUtils.getPathInWorkspace(XmlUtils.java:366)
	at org.jenkinsci.plugins.pipeline.maven.publishers.JunitTestsPublisher.executeReporter(JunitTestsPublisher.java:263)
	at org.jenkinsci.plugins.pipeline.maven.publishers.JunitTestsPublisher.process(JunitTestsPublisher.java:210)
	at org.jenkinsci.plugins.pipeline.maven.MavenSpyLogProcessor.processMavenSpyLogs(MavenSpyLogProcessor.java:154)
	at org.jenkinsci.plugins.pipeline.maven.WithMavenStepExecution2$WithMavenStepExecutionCallBack.finished(WithMavenStepExecution2.java:1108)
	at org.jenkinsci.plugins.pipeline.maven.fix.jenkins49337.GeneralNonBlockingStepExecution$TailCall.lambda$onSuccess$0(GeneralNonBlockingStepExecution.java:142)
	at org.jenkinsci.plugins.pipeline.maven.fix.jenkins49337.GeneralNonBlockingStepExecution.lambda$run$0(GeneralNonBlockingStepExecution.java:85)
	at java.util.concurrent.Executors$RunnableAdapter.call(Unknown Source)
	at java.util.concurrent.FutureTask.run(Unknown Source)
	at java.util.concurrent.ThreadPoolExecutor.runWorker(Unknown Source)
	at java.util.concurrent.ThreadPoolExecutor$Worker.run(Unknown Source)
	at java.lang.Thread.run(Unknown Source)
[withMaven] Jenkins Task Scanner Plugin not found, don't display results of source code scanning for 'TODO' and 'FIXME' in pipeline screen.
[withMaven] Publishers: Pipeline Graph Publisher: 3 ms, Open Task Scanner Publisher: 1 ms
ERROR: [withMaven] artifactsPublisher - WARNING: Exception archiving and fingerprinting MavenArtifact{com.emart:MircroService-User:pom:0.0.1-SNAPSHOT(version: 0.0.1-SNAPSHOT, snapshot:false)  D:\workspace\Jenkins\MidTier\MircroService-User\pom.xml}, skip archiving of the artifacts
java.lang.IllegalArgumentException: Cannot relativize 'D:\workspace\Jenkins\MidTier\MircroService-User\pom.xml' relatively to 'C:\Users\ginge\.jenkins\workspace\emart-pipeline'
	at org.jenkinsci.plugins.pipeline.maven.util.XmlUtils.getPathInWorkspace(XmlUtils.java:366)
	at org.jenkinsci.plugins.pipeline.maven.publishers.GeneratedArtifactsPublisher.process(GeneratedArtifactsPublisher.java:74)
	at org.jenkinsci.plugins.pipeline.maven.MavenSpyLogProcessor.processMavenSpyLogs(MavenSpyLogProcessor.java:154)
	at org.jenkinsci.plugins.pipeline.maven.WithMavenStepExecution2$WithMavenStepExecutionCallBack.finished(WithMavenStepExecution2.java:1108)
	at org.jenkinsci.plugins.pipeline.maven.fix.jenkins49337.GeneralNonBlockingStepExecution$TailCall.lambda$onSuccess$0(GeneralNonBlockingStepExecution.java:142)
	at org.jenkinsci.plugins.pipeline.maven.fix.jenkins49337.GeneralNonBlockingStepExecution.lambda$run$0(GeneralNonBlockingStepExecution.java:85)
	at java.util.concurrent.Executors$RunnableAdapter.call(Unknown Source)
	at java.util.concurrent.FutureTask.run(Unknown Source)
	at java.util.concurrent.ThreadPoolExecutor.runWorker(Unknown Source)
	at java.util.concurrent.ThreadPoolExecutor$Worker.run(Unknown Source)
	at java.lang.Thread.run(Unknown Source)
ERROR: [withMaven] artifactsPublisher - WARNING: Exception archiving and fingerprinting MavenArtifact{com.emart:MircroService-User:jar:0.0.1-SNAPSHOT(version: 0.0.1-SNAPSHOT, snapshot:true)  D:\workspace\Jenkins\MidTier\MircroService-User\target\MircroService-User-0.0.1-SNAPSHOT.jar}, skip archiving of the artifacts
java.lang.IllegalArgumentException: Cannot relativize 'D:\workspace\Jenkins\MidTier\MircroService-User\target\MircroService-User-0.0.1-SNAPSHOT.jar' relatively to 'C:\Users\ginge\.jenkins\workspace\emart-pipeline'
	at org.jenkinsci.plugins.pipeline.maven.util.XmlUtils.getPathInWorkspace(XmlUtils.java:366)
	at org.jenkinsci.plugins.pipeline.maven.publishers.GeneratedArtifactsPublisher.process(GeneratedArtifactsPublisher.java:89)
	at org.jenkinsci.plugins.pipeline.maven.MavenSpyLogProcessor.processMavenSpyLogs(MavenSpyLogProcessor.java:154)
	at org.jenkinsci.plugins.pipeline.maven.WithMavenStepExecution2$WithMavenStepExecutionCallBack.finished(WithMavenStepExecution2.java:1108)
	at org.jenkinsci.plugins.pipeline.maven.fix.jenkins49337.GeneralNonBlockingStepExecution$TailCall.lambda$onSuccess$0(GeneralNonBlockingStepExecution.java:142)
	at org.jenkinsci.plugins.pipeline.maven.fix.jenkins49337.GeneralNonBlockingStepExecution.lambda$run$0(GeneralNonBlockingStepExecution.java:85)
	at java.util.concurrent.Executors$RunnableAdapter.call(Unknown Source)
	at java.util.concurrent.FutureTask.run(Unknown Source)
	at java.util.concurrent.ThreadPoolExecutor.runWorker(Unknown Source)
	at java.util.concurrent.ThreadPoolExecutor$Worker.run(Unknown Source)
	at java.lang.Thread.run(Unknown Source)
ERROR: [withMaven] WARNING Exception executing Maven reporter 'Junit Publisher' / org.jenkinsci.plugins.pipeline.maven.publishers.JunitTestsPublisher. Please report a bug associated for the component 'pipeline-maven-plugin' at https://issues.jenkins-ci.org 
java.lang.IllegalArgumentException: Cannot relativize 'D:\workspace\Jenkins\MidTier\MircroService-User\target/surefire-reports' relatively to 'C:\Users\ginge\.jenkins\workspace\emart-pipeline'
	at org.jenkinsci.plugins.pipeline.maven.util.XmlUtils.getPathInWorkspace(XmlUtils.java:366)
	at org.jenkinsci.plugins.pipeline.maven.publishers.JunitTestsPublisher.executeReporter(JunitTestsPublisher.java:263)
	at org.jenkinsci.plugins.pipeline.maven.publishers.JunitTestsPublisher.process(JunitTestsPublisher.java:210)
	at org.jenkinsci.plugins.pipeline.maven.MavenSpyLogProcessor.processMavenSpyLogs(MavenSpyLogProcessor.java:154)
	at org.jenkinsci.plugins.pipeline.maven.WithMavenStepExecution2$WithMavenStepExecutionCallBack.finished(WithMavenStepExecution2.java:1108)
	at org.jenkinsci.plugins.pipeline.maven.fix.jenkins49337.GeneralNonBlockingStepExecution$TailCall.lambda$onSuccess$0(GeneralNonBlockingStepExecution.java:142)
	at org.jenkinsci.plugins.pipeline.maven.fix.jenkins49337.GeneralNonBlockingStepExecution.lambda$run$0(GeneralNonBlockingStepExecution.java:85)
	at java.util.concurrent.Executors$RunnableAdapter.call(Unknown Source)
	at java.util.concurrent.FutureTask.run(Unknown Source)
	at java.util.concurrent.ThreadPoolExecutor.runWorker(Unknown Source)
	at java.util.concurrent.ThreadPoolExecutor$Worker.run(Unknown Source)
	at java.lang.Thread.run(Unknown Source)
[withMaven] Jenkins Task Scanner Plugin not found, don't display results of source code scanning for 'TODO' and 'FIXME' in pipeline screen.
[withMaven] Publishers: Pipeline Graph Publisher: 2 ms, Open Task Scanner Publisher: 1 ms
ERROR: [withMaven] artifactsPublisher - WARNING: Exception archiving and fingerprinting MavenArtifact{com.emart:ZuulGateway:pom:0.0.1-SNAPSHOT(version: 0.0.1-SNAPSHOT, snapshot:false)  D:\workspace\Jenkins\MidTier\ZuulGateway\pom.xml}, skip archiving of the artifacts
java.lang.IllegalArgumentException: Cannot relativize 'D:\workspace\Jenkins\MidTier\ZuulGateway\pom.xml' relatively to 'C:\Users\ginge\.jenkins\workspace\emart-pipeline'
	at org.jenkinsci.plugins.pipeline.maven.util.XmlUtils.getPathInWorkspace(XmlUtils.java:366)
	at org.jenkinsci.plugins.pipeline.maven.publishers.GeneratedArtifactsPublisher.process(GeneratedArtifactsPublisher.java:74)
	at org.jenkinsci.plugins.pipeline.maven.MavenSpyLogProcessor.processMavenSpyLogs(MavenSpyLogProcessor.java:154)
	at org.jenkinsci.plugins.pipeline.maven.WithMavenStepExecution2$WithMavenStepExecutionCallBack.finished(WithMavenStepExecution2.java:1108)
	at org.jenkinsci.plugins.pipeline.maven.fix.jenkins49337.GeneralNonBlockingStepExecution$TailCall.lambda$onSuccess$0(GeneralNonBlockingStepExecution.java:142)
	at org.jenkinsci.plugins.pipeline.maven.fix.jenkins49337.GeneralNonBlockingStepExecution.lambda$run$0(GeneralNonBlockingStepExecution.java:85)
	at java.util.concurrent.Executors$RunnableAdapter.call(Unknown Source)
	at java.util.concurrent.FutureTask.run(Unknown Source)
	at java.util.concurrent.ThreadPoolExecutor.runWorker(Unknown Source)
	at java.util.concurrent.ThreadPoolExecutor$Worker.run(Unknown Source)
	at java.lang.Thread.run(Unknown Source)
ERROR: [withMaven] artifactsPublisher - WARNING: Exception archiving and fingerprinting MavenArtifact{com.emart:ZuulGateway:jar:0.0.1-SNAPSHOT(version: 0.0.1-SNAPSHOT, snapshot:true)  D:\workspace\Jenkins\MidTier\ZuulGateway\target\ZuulGateway-0.0.1-SNAPSHOT.jar}, skip archiving of the artifacts
java.lang.IllegalArgumentException: Cannot relativize 'D:\workspace\Jenkins\MidTier\ZuulGateway\target\ZuulGateway-0.0.1-SNAPSHOT.jar' relatively to 'C:\Users\ginge\.jenkins\workspace\emart-pipeline'
	at org.jenkinsci.plugins.pipeline.maven.util.XmlUtils.getPathInWorkspace(XmlUtils.java:366)
	at org.jenkinsci.plugins.pipeline.maven.publishers.GeneratedArtifactsPublisher.process(GeneratedArtifactsPublisher.java:89)
	at org.jenkinsci.plugins.pipeline.maven.MavenSpyLogProcessor.processMavenSpyLogs(MavenSpyLogProcessor.java:154)
	at org.jenkinsci.plugins.pipeline.maven.WithMavenStepExecution2$WithMavenStepExecutionCallBack.finished(WithMavenStepExecution2.java:1108)
	at org.jenkinsci.plugins.pipeline.maven.fix.jenkins49337.GeneralNonBlockingStepExecution$TailCall.lambda$onSuccess$0(GeneralNonBlockingStepExecution.java:142)
	at org.jenkinsci.plugins.pipeline.maven.fix.jenkins49337.GeneralNonBlockingStepExecution.lambda$run$0(GeneralNonBlockingStepExecution.java:85)
	at java.util.concurrent.Executors$RunnableAdapter.call(Unknown Source)
	at java.util.concurrent.FutureTask.run(Unknown Source)
	at java.util.concurrent.ThreadPoolExecutor.runWorker(Unknown Source)
	at java.util.concurrent.ThreadPoolExecutor$Worker.run(Unknown Source)
	at java.lang.Thread.run(Unknown Source)
ERROR: [withMaven] WARNING Exception executing Maven reporter 'Junit Publisher' / org.jenkinsci.plugins.pipeline.maven.publishers.JunitTestsPublisher. Please report a bug associated for the component 'pipeline-maven-plugin' at https://issues.jenkins-ci.org 
java.lang.IllegalArgumentException: Cannot relativize 'D:\workspace\Jenkins\MidTier\ZuulGateway\target/surefire-reports' relatively to 'C:\Users\ginge\.jenkins\workspace\emart-pipeline'
	at org.jenkinsci.plugins.pipeline.maven.util.XmlUtils.getPathInWorkspace(XmlUtils.java:366)
	at org.jenkinsci.plugins.pipeline.maven.publishers.JunitTestsPublisher.executeReporter(JunitTestsPublisher.java:263)
	at org.jenkinsci.plugins.pipeline.maven.publishers.JunitTestsPublisher.process(JunitTestsPublisher.java:210)
	at org.jenkinsci.plugins.pipeline.maven.MavenSpyLogProcessor.processMavenSpyLogs(MavenSpyLogProcessor.java:154)
	at org.jenkinsci.plugins.pipeline.maven.WithMavenStepExecution2$WithMavenStepExecutionCallBack.finished(WithMavenStepExecution2.java:1108)
	at org.jenkinsci.plugins.pipeline.maven.fix.jenkins49337.GeneralNonBlockingStepExecution$TailCall.lambda$onSuccess$0(GeneralNonBlockingStepExecution.java:142)
	at org.jenkinsci.plugins.pipeline.maven.fix.jenkins49337.GeneralNonBlockingStepExecution.lambda$run$0(GeneralNonBlockingStepExecution.java:85)
	at java.util.concurrent.Executors$RunnableAdapter.call(Unknown Source)
	at java.util.concurrent.FutureTask.run(Unknown Source)
	at java.util.concurrent.ThreadPoolExecutor.runWorker(Unknown Source)
	at java.util.concurrent.ThreadPoolExecutor$Worker.run(Unknown Source)
	at java.lang.Thread.run(Unknown Source)
[withMaven] Jenkins Task Scanner Plugin not found, don't display results of source code scanning for 'TODO' and 'FIXME' in pipeline screen.
[withMaven] Publishers: Pipeline Graph Publisher: 2 ms, Open Task Scanner Publisher: 1 ms
[Pipeline] // withMaven
[Pipeline] }
[Pipeline] // stage
[Pipeline] stage
[Pipeline] { (Deploy)
[Pipeline] dir
Running in D:\workspace\Jenkins\FrontEnt\dist\FrontEnt
[Pipeline] {
[Pipeline] bat

D:\workspace\Jenkins\FrontEnt\dist\FrontEnt>set current_dir=D:\workspace\Jenkins\FrontEnt\dist\FrontEnt 

D:\workspace\Jenkins\FrontEnt\dist\FrontEnt>if exist D:\workspace\IIS_website rd D:\workspace\IIS_website /s /q 

D:\workspace\Jenkins\FrontEnt\dist\FrontEnt>mkdir D:\workspace\IIS_website 

D:\workspace\Jenkins\FrontEnt\dist\FrontEnt>xcopy D:\workspace\Jenkins\FrontEnt\dist\FrontEnt D:\workspace\IIS_website /s /e /q 
 3303 
[Pipeline] }
[Pipeline] // dir
[Pipeline] dir
Running in D:\workspace\Jenkins
[Pipeline] {
[Pipeline] bat

D:\workspace\Jenkins>docker-compose down 
Removing network jenkins_extnetwork
Network jenkins_extnetwork not found.

D:\workspace\Jenkins>docker rmi (docker images -q --filter=reference='ms-*') 
unknown shorthand flag: 'q' in -q
See 'docker rmi --help'.

D:\workspace\Jenkins>docker rmi (docker images -q --filter=reference='eureka')  
unknown shorthand flag: 'q' in -q
See 'docker rmi --help'.

D:\workspace\Jenkins>docker rmi (docker images -q --filter=reference='zuul*') 
unknown shorthand flag: 'q' in -q
See 'docker rmi --help'.

D:\workspace\Jenkins>docker-compose up -d 
Creating network "jenkins_extnetwork" with the default driver
Building eureka
Step 1/4 : FROM java:8-alpine
 ---> 3fd9dd82815c
Step 2/4 : ADD ./target/EurekaServer-0.0.1-SNAPSHOT.jar app.jar
 ---> 21a0f0da1c16
Removing intermediate container ccdb51db3d67
Step 3/4 : EXPOSE 9001
 ---> Running in 4c1e9a48f067
 ---> 8d05116e1351
Removing intermediate container 4c1e9a48f067
Step 4/4 : ENTRYPOINT java -jar /app.jar
 ---> Running in 51e7abd05096
 ---> ad34f796a26c
Removing intermediate container 51e7abd05096
Successfully built ad34f796a26c
Image for service eureka was built because it did not already exist. To rebuild this image you must use `docker-compose build` or `docker-compose up --build`.
Building ms-item
Step 1/4 : FROM java:8-alpine
 ---> 3fd9dd82815c
Step 2/4 : ADD ./target/MircroService-Item-0.0.1-SNAPSHOT.jar app.jar
 ---> 147750bbc15c
Removing intermediate container 5b6551975c53
Step 3/4 : EXPOSE 8082
 ---> Running in de7d6ab52cb0
 ---> 84e92ff39f9c
Removing intermediate container de7d6ab52cb0
Step 4/4 : ENTRYPOINT java -jar /app.jar
 ---> Running in 38cd524cef5e
 ---> 9838725300ce
Removing intermediate container 38cd524cef5e
Successfully built 9838725300ce
Image for service ms-item was built because it did not already exist. To rebuild this image you must use `docker-compose build` or `docker-compose up --build`.
Building ms-transaction
Step 1/4 : FROM java:8-alpine
 ---> 3fd9dd82815c
Step 2/4 : ADD ./target/MircroService-Transaction-0.0.1-SNAPSHOT.jar app.jar
 ---> 02d933625fed
Removing intermediate container 8375ac3dfa00
Step 3/4 : EXPOSE 8083
 ---> Running in 4ae7df221820
 ---> c0d33990f416
Removing intermediate container 4ae7df221820
Step 4/4 : ENTRYPOINT java -jar /app.jar
 ---> Running in 8f2fabc51941
 ---> f42c8fec7b27
Removing intermediate container 8f2fabc51941
Successfully built f42c8fec7b27
Image for service ms-transaction was built because it did not already exist. To rebuild this image you must use `docker-compose build` or `docker-compose up --build`.
Building ms-user
Step 1/4 : FROM java:8-alpine
 ---> 3fd9dd82815c
Step 2/4 : ADD ./target/MircroService-User-0.0.1-SNAPSHOT.jar app.jar
 ---> d4e32fd22467
Removing intermediate container 8089b7f12a3f
Step 3/4 : EXPOSE 8081
 ---> Running in e820c8a4159b
 ---> 0871176c122c
Removing intermediate container e820c8a4159b
Step 4/4 : ENTRYPOINT java -jar /app.jar
 ---> Running in 0d32538be59e
 ---> 523ed69e72f0
Removing intermediate container 0d32538be59e
Successfully built 523ed69e72f0
Image for service ms-user was built because it did not already exist. To rebuild this image you must use `docker-compose build` or `docker-compose up --build`.
Building ms-mast
Step 1/4 : FROM java:8-alpine
 ---> 3fd9dd82815c
Step 2/4 : ADD ./target/MircroService-Mast-0.0.1-SNAPSHOT.jar app.jar
 ---> 3ec8206c58c3
Removing intermediate container 9c0d2269246b
Step 3/4 : EXPOSE 8084
 ---> Running in 57b32b627a1f
 ---> 86771044aa9d
Removing intermediate container 57b32b627a1f
Step 4/4 : ENTRYPOINT java -jar /app.jar
 ---> Running in 77ac76b6481d
 ---> c83a93813083
Removing intermediate container 77ac76b6481d
Successfully built c83a93813083
Image for service ms-mast was built because it did not already exist. To rebuild this image you must use `docker-compose build` or `docker-compose up --build`.
Building zuul-gateway
Step 1/4 : FROM java:8-alpine
 ---> 3fd9dd82815c
Step 2/4 : ADD ./target/ZuulGateway-0.0.1-SNAPSHOT.jar app.jar
 ---> f60bd571e9f2
Removing intermediate container b5051702ca0a
Step 3/4 : EXPOSE 8085
 ---> Running in b8fe3f5e2b1e
 ---> ad560512b5da
Removing intermediate container b8fe3f5e2b1e
Step 4/4 : ENTRYPOINT java -jar /app.jar
 ---> Running in dcd08f797e85
 ---> 2bcc732ce967
Removing intermediate container dcd08f797e85
Successfully built 2bcc732ce967
Image for service zuul-gateway was built because it did not already exist. To rebuild this image you must use `docker-compose build` or `docker-compose up --build`.
Creating eureka
Creating mysql
Creating zuul-gateway
Creating ms-mast
Creating ms-item
Creating ms-transaction
Creating ms-user
[Pipeline] }
[Pipeline] // dir
[Pipeline] }
[Pipeline] // stage
[Pipeline] }
[Pipeline] // withEnv
[Pipeline] }
[Pipeline] // node
[Pipeline] End of Pipeline
Finished: SUCCESS